<?xml version="1.0"?>
<testsuites>
  <testsuite name="Chrome 27.0 (Mac)" package="" timestamp="2013-06-28T13:56:19" id="0" hostname="MarcBook.local" tests="1" errors="0" failures="0" time="0.001">
    <properties>
      <property name="browser.fullName" value="Mozilla/5.0 (Macintosh; Intel Mac OS X 10_8_4) AppleWebKit/537.36 (KHTML, like Gecko) Chrome/27.0.1453.116 Safari/537.36"/>
    </properties>
    <testcase name="should work" time="0.001" classname="Chrome 27.0 (Mac).Test runner"/>
    <system-out><![CDATA[
]]></system-out>
    <system-err/>
  </testsuite>
</testsuites>
